<?xml version="1.0" encoding="UTF-8"?>
<testng-results ignored="0" total="1" passed="1" failed="0" skipped="0">
  <reporter-output>
  </reporter-output>
  <suite started-at="2023-01-20T19:02:44 IST" name="Suite" finished-at="2023-01-20T19:02:52 IST" duration-ms="8014">
    <groups>
    </groups>
    <test started-at="2023-01-20T19:02:44 IST" name="Test" finished-at="2023-01-20T19:02:52 IST" duration-ms="8014">
      <class name="ParameterTest.ParameterTest1">
        <test-method signature="yahooSignIn(java.lang.String,java.lang.String)[pri:0, instance:ParameterTest.ParameterTest1@4803b726]" started-at="2023-01-20T19:02:44 IST" name="yahooSignIn" finished-at="2023-01-20T19:02:52 IST" duration-ms="7938" status="PASS">
          <params>
            <param index="0">
              <value>
                <![CDATA[https://login.yahoo.com/]]>
              </value>
            </param>
            <param index="1">
              <value>
                <![CDATA[abc123@gmail.com]]>
              </value>
            </param>
          </params>
          <reporter-output>
          </reporter-output>
        </test-method> <!-- yahooSignIn -->
      </class> <!-- ParameterTest.ParameterTest1 -->
    </test> <!-- Test -->
  </suite> <!-- Suite -->
</testng-results>
